Design Name: user_project_wrapper
Run Directory: /home/prherrma/runners/r1/_work/tapeout-ci-2311/tapeout-ci-2311/openlane/user_project_wrapper/runs/23_10_31_21_38
----------------------------------------

Magic DRC Summary:
Source: /home/prherrma/runners/r1/_work/tapeout-ci-2311/tapeout-ci-2311/openlane/user_project_wrapper/runs/23_10_31_21_38/reports/signoff/drc.rpt
Violation Message "Local interconnect spacing < 0.17um (li.3) "found 2225046 Times.
Violation Message "Diffusion width < 0.15um (diff/tap.1) "found 4394528 Times.
Violation Message "P-Transistor in SRAM core width < 0.14um (diff/tap.2) "found 798816 Times.
Violation Message "P-tap minimum area < 0.07011um^2 (psd.10b) "found 608400 Times.
Violation Message "Local interconnect width < 0.17um (li.1) "found 5493876 Times.
Violation Message "N-Diffusion spacing to N-well < 0.34um (diff/tap.9) "found 7281740 Times.
Violation Message "This layer can't abut or partially overlap between subcells "found 1204320 Times.
Violation Message "P-diffusion contact width < 0.17um (licon.1) "found 1001616 Times.
Violation Message "poly contact width        < 0.17um (licon.1) "found 2161524 Times.
Violation Message "Diffusion contact to SRAM gate < 0.04um (licon.11) "found 1521000 Times.
Violation Message "Metal1 overlap of local interconnect contact < 0.03um (met1.4) "found 2028828 Times.
Violation Message "P-tap overlap of P-tap contact < 0.12um in one direction (licon.7) "found 1623180 Times.
Violation Message "Local interconnect overlap of diffusion contact < 0.08um in one direction (li.5) "found 802752 Times.
Violation Message "P-diffusion overlap of P-diffusion contact < 0.04um (licon.5a) "found 1198224 Times.
Violation Message "nFET cannot abut P-diffusion (diff/tap.3) "found 1014000 Times.
Violation Message "poly overhang of SRAM core transistor < 0.11um (poly.8) "found 4427545 Times.
Violation Message "poly contact spacing to diffusion < 0.19um (licon.14) "found 4098576 Times.
Violation Message "poly overlap of poly contact < 0.08um in one direction (licon.8a) "found 1634836 Times.
Violation Message "Via1 width < 0.26um (via.1a + 2 * via.4a) "found 3856320 Times.
Violation Message "poly spacing to Diffusion < 0.075um (poly.4) "found 3233976 Times.
Violation Message "Core local interconnect spacing < 0.14um (li.c2) "found 1597632 Times.
Violation Message "N-tap contact width     < 0.17um (licon.1) "found 599112 Times.
Violation Message "N-Diffusion overhang of nFET < 0.25um (poly.7) "found 6340 Times.
Violation Message "N-well overlap of Deep N-well < 0.4um outside, 1.03um inside (nwell.5a, 7) "found 124 Times.
Violation Message "N-diffusion contact width < 0.17um (licon.1) "found 2438352 Times.
Violation Message "poly spacing < 0.21um (poly.2) "found 711354 Times.
Violation Message "N-diffusion overlap of N-diffusion contact < 0.04um (licon.5a) "found 4251186 Times.
Violation Message "N-diffusion overlap of N-diffusion contact < 0.06um in one direction (licon.5c) "found 12480 Times.
Violation Message "poly overlap of poly contact < 0.05um (licon.8) "found 4464696 Times.
Violation Message "N-well overlap of N-tap < 0.18um (diff/tap.10) "found 2197264 Times.
Total Magic DRC violations is 66887643
----------------------------------------

LVS Summary:
Source: /home/prherrma/runners/r1/_work/tapeout-ci-2311/tapeout-ci-2311/openlane/user_project_wrapper/runs/23_10_31_21_38/logs/signoff/user_project_wrapper.lef.lvs.log
Source not found.
----------------------------------------

Antenna Summary:
Source: /home/prherrma/runners/r1/_work/tapeout-ci-2311/tapeout-ci-2311/openlane/user_project_wrapper/runs/23_10_31_21_38/logs/signoff/38-arc.log
Pin violations: 546
Net violations: 474
