[INFO]: Run Directory: /home/prherrma/runners/r2/_work/tapeout-ci-2311/tapeout-ci-2311/openlane/user_project_wrapper/runs/23_11_01_14_28
[INFO]: Saving runtime environment...
[INFO]: Preparing LEF files for the nom corner...
[INFO]: Preparing LEF files for the min corner...
[INFO]: Preparing LEF files for the max corner...
[INFO]: Running linter (Verilator) (log: ../home/prherrma/runners/r2/_work/tapeout-ci-2311/tapeout-ci-2311/openlane/user_project_wrapper/runs/23_11_01_14_28/logs/synthesis/linter.log)...
[WARNING]: 2 errors found by linter
[INFO]: 0 warnings found by linter
[INFO]: Running Synthesis (log: ../home/prherrma/runners/r2/_work/tapeout-ci-2311/tapeout-ci-2311/openlane/user_project_wrapper/runs/23_11_01_14_28/logs/synthesis/1-synthesis.log)...
[INFO]: Running Single-Corner Static Timing Analysis (log: ../home/prherrma/runners/r2/_work/tapeout-ci-2311/tapeout-ci-2311/openlane/user_project_wrapper/runs/23_11_01_14_28/logs/synthesis/2-sta.log)...
[INFO]: Creating a netlist with power/ground pins.
[INFO]: Running Initial Floorplanning (log: ../home/prherrma/runners/r2/_work/tapeout-ci-2311/tapeout-ci-2311/openlane/user_project_wrapper/runs/23_11_01_14_28/logs/floorplan/3-initial_fp.log)...
[INFO]: Floorplanned with width 2908.58 and height 3497.92.
[INFO]: Running IO Placement (log: ../home/prherrma/runners/r2/_work/tapeout-ci-2311/tapeout-ci-2311/openlane/user_project_wrapper/runs/23_11_01_14_28/logs/floorplan/4-place_io.log)...
[INFO]: Applying DEF template...
[INFO]: Performing Manual Macro Placement (log: ../home/prherrma/runners/r2/_work/tapeout-ci-2311/tapeout-ci-2311/openlane/user_project_wrapper/runs/23_11_01_14_28/logs/placement/5-macro_placement.log)...
[INFO]: Running Tap/Decap Insertion (log: ../home/prherrma/runners/r2/_work/tapeout-ci-2311/tapeout-ci-2311/openlane/user_project_wrapper/runs/23_11_01_14_28/logs/floorplan/6-tap.log)...
[INFO]: Power planning with power {vccd1 vccd2 vdda1 vdda2} and ground {vssd1 vssd2 vssa1 vssa2}...
[INFO]: Generating PDN (log: ../home/prherrma/runners/r2/_work/tapeout-ci-2311/tapeout-ci-2311/openlane/user_project_wrapper/runs/23_11_01_14_28/logs/floorplan/7-pdn.log)...
[INFO]: Running Global Placement (log: ../home/prherrma/runners/r2/_work/tapeout-ci-2311/tapeout-ci-2311/openlane/user_project_wrapper/runs/23_11_01_14_28/logs/placement/8-global.log)...
[INFO]: Running Single-Corner Static Timing Analysis (log: ../home/prherrma/runners/r2/_work/tapeout-ci-2311/tapeout-ci-2311/openlane/user_project_wrapper/runs/23_11_01_14_28/logs/placement/9-gpl_sta.log)...
[INFO]: Running Placement Resizer Design Optimizations (log: ../home/prherrma/runners/r2/_work/tapeout-ci-2311/tapeout-ci-2311/openlane/user_project_wrapper/runs/23_11_01_14_28/logs/placement/10-resizer.log)...
[INFO]: Running Detailed Placement (log: ../home/prherrma/runners/r2/_work/tapeout-ci-2311/tapeout-ci-2311/openlane/user_project_wrapper/runs/23_11_01_14_28/logs/placement/11-detailed.log)...
[INFO]: Running Single-Corner Static Timing Analysis (log: ../home/prherrma/runners/r2/_work/tapeout-ci-2311/tapeout-ci-2311/openlane/user_project_wrapper/runs/23_11_01_14_28/logs/placement/12-dpl_sta.log)...
[INFO]: Running Clock Tree Synthesis (log: ../home/prherrma/runners/r2/_work/tapeout-ci-2311/tapeout-ci-2311/openlane/user_project_wrapper/runs/23_11_01_14_28/logs/cts/13-cts.log)...
[INFO]: Running Single-Corner Static Timing Analysis (log: ../home/prherrma/runners/r2/_work/tapeout-ci-2311/tapeout-ci-2311/openlane/user_project_wrapper/runs/23_11_01_14_28/logs/cts/14-cts_sta.log)...
[INFO]: Running Placement Resizer Timing Optimizations (log: ../home/prherrma/runners/r2/_work/tapeout-ci-2311/tapeout-ci-2311/openlane/user_project_wrapper/runs/23_11_01_14_28/logs/cts/15-resizer.log)...
[INFO]: Running Global Routing Resizer Design Optimizations (log: ../home/prherrma/runners/r2/_work/tapeout-ci-2311/tapeout-ci-2311/openlane/user_project_wrapper/runs/23_11_01_14_28/logs/routing/16-resizer_design.log)...
[INFO]: Running Single-Corner Static Timing Analysis (log: ../home/prherrma/runners/r2/_work/tapeout-ci-2311/tapeout-ci-2311/openlane/user_project_wrapper/runs/23_11_01_14_28/logs/routing/17-rsz_design_sta.log)...
[INFO]: Running Global Routing Resizer Timing Optimizations (log: ../home/prherrma/runners/r2/_work/tapeout-ci-2311/tapeout-ci-2311/openlane/user_project_wrapper/runs/23_11_01_14_28/logs/routing/18-resizer_timing.log)...
[INFO]: Running Single-Corner Static Timing Analysis (log: ../home/prherrma/runners/r2/_work/tapeout-ci-2311/tapeout-ci-2311/openlane/user_project_wrapper/runs/23_11_01_14_28/logs/routing/19-rsz_timing_sta.log)...
[INFO]: Running Heuristic Diode Insertion (log: ../home/prherrma/runners/r2/_work/tapeout-ci-2311/tapeout-ci-2311/openlane/user_project_wrapper/runs/23_11_01_14_28/logs/routing/20-diodes.log)...
[INFO]: Running Detailed Placement (log: ../home/prherrma/runners/r2/_work/tapeout-ci-2311/tapeout-ci-2311/openlane/user_project_wrapper/runs/23_11_01_14_28/logs/routing/21-diode_legalization.log)...
[INFO]: Running Global Routing (log: ../home/prherrma/runners/r2/_work/tapeout-ci-2311/tapeout-ci-2311/openlane/user_project_wrapper/runs/23_11_01_14_28/logs/routing/22-global.log)...
[INFO]: Writing Verilog (log: ../home/prherrma/runners/r2/_work/tapeout-ci-2311/tapeout-ci-2311/openlane/user_project_wrapper/runs/23_11_01_14_28/logs/routing/22-global_write_netlist.log)...
[INFO]: Running Single-Corner Static Timing Analysis (log: ../home/prherrma/runners/r2/_work/tapeout-ci-2311/tapeout-ci-2311/openlane/user_project_wrapper/runs/23_11_01_14_28/logs/routing/24-grt_sta.log)...
[INFO]: Running Fill Insertion (log: ../home/prherrma/runners/r2/_work/tapeout-ci-2311/tapeout-ci-2311/openlane/user_project_wrapper/runs/23_11_01_14_28/logs/routing/25-fill.log)...
[INFO]: Running Detailed Routing (log: ../home/prherrma/runners/r2/_work/tapeout-ci-2311/tapeout-ci-2311/openlane/user_project_wrapper/runs/23_11_01_14_28/logs/routing/26-detailed.log)...
[INFO]: No DRC violations after detailed routing.
[INFO]: Checking Wire Lengths (log: ../home/prherrma/runners/r2/_work/tapeout-ci-2311/tapeout-ci-2311/openlane/user_project_wrapper/runs/23_11_01_14_28/logs/routing/27-wire_lengths.log)...
[INFO]: Running SPEF Extraction at the min process corner (log: ../home/prherrma/runners/r2/_work/tapeout-ci-2311/tapeout-ci-2311/openlane/user_project_wrapper/runs/23_11_01_14_28/logs/signoff/28-parasitics_extraction.min.log)...
[INFO]: Running Multi-Corner Static Timing Analysis at the min process corner (log: ../home/prherrma/runners/r2/_work/tapeout-ci-2311/tapeout-ci-2311/openlane/user_project_wrapper/runs/23_11_01_14_28/logs/signoff/29-rcx_mcsta.min.log)...
[INFO]: Running SPEF Extraction at the max process corner (log: ../home/prherrma/runners/r2/_work/tapeout-ci-2311/tapeout-ci-2311/openlane/user_project_wrapper/runs/23_11_01_14_28/logs/signoff/30-parasitics_extraction.max.log)...
[INFO]: Running Multi-Corner Static Timing Analysis at the max process corner (log: ../home/prherrma/runners/r2/_work/tapeout-ci-2311/tapeout-ci-2311/openlane/user_project_wrapper/runs/23_11_01_14_28/logs/signoff/31-rcx_mcsta.max.log)...
[INFO]: Running SPEF Extraction at the nom process corner (log: ../home/prherrma/runners/r2/_work/tapeout-ci-2311/tapeout-ci-2311/openlane/user_project_wrapper/runs/23_11_01_14_28/logs/signoff/32-parasitics_extraction.nom.log)...
[INFO]: Running Multi-Corner Static Timing Analysis at the nom process corner (log: ../home/prherrma/runners/r2/_work/tapeout-ci-2311/tapeout-ci-2311/openlane/user_project_wrapper/runs/23_11_01_14_28/logs/signoff/33-rcx_mcsta.nom.log)...
[WARNING]: Module sky130_sram_2kbyte_1rw1r_32x512_8 blackboxed during sta
[WARNING]: Module sky130_fd_sc_hd__tapvpwrvgnd_1 blackboxed during sta
[WARNING]: Module sky130_ef_sc_hd__decap_12 blackboxed during sta
[WARNING]: Module sky130_fd_sc_hd__fill_1 blackboxed during sta
[WARNING]: Module sky130_fd_sc_hd__fill_2 blackboxed during sta
[INFO]: Running Magic to generate various views...
[INFO]: Streaming out GDSII with Magic (log: ../home/prherrma/runners/r2/_work/tapeout-ci-2311/tapeout-ci-2311/openlane/user_project_wrapper/runs/23_11_01_14_28/logs/signoff/34-gdsii.log)...
[INFO]: Generating MAGLEF views...
[INFO]: Generating lef with Magic (/home/prherrma/runners/r2/_work/tapeout-ci-2311/tapeout-ci-2311/openlane/user_project_wrapper/runs/23_11_01_14_28/logs/signoff/34-lef.log)...
[INFO]: Streaming out GDSII with KLayout (log: ../home/prherrma/runners/r2/_work/tapeout-ci-2311/tapeout-ci-2311/openlane/user_project_wrapper/runs/23_11_01_14_28/logs/signoff/35-gdsii-klayout.log)...
[INFO]: Running XOR on the layouts using KLayout (log: ../home/prherrma/runners/r2/_work/tapeout-ci-2311/tapeout-ci-2311/openlane/user_project_wrapper/runs/23_11_01_14_28/logs/signoff/36-xor.log)...
[INFO]: No XOR differences between KLayout and Magic gds.
[INFO]: Running Magic Spice Export from LEF (log: ../home/prherrma/runners/r2/_work/tapeout-ci-2311/tapeout-ci-2311/openlane/user_project_wrapper/runs/23_11_01_14_28/logs/signoff/37-spice.log)...
[INFO]: Writing Powered Verilog (logs: ../home/prherrma/runners/r2/_work/tapeout-ci-2311/tapeout-ci-2311/openlane/user_project_wrapper/runs/23_11_01_14_28/logs/signoff/38-write_powered_def.log, ../home/prherrma/runners/r2/_work/tapeout-ci-2311/tapeout-ci-2311/openlane/user_project_wrapper/runs/23_11_01_14_28/logs/signoff/38-write_powered_verilog.log)...
[INFO]: Writing Verilog (log: ../home/prherrma/runners/r2/_work/tapeout-ci-2311/tapeout-ci-2311/openlane/user_project_wrapper/runs/23_11_01_14_28/logs/signoff/38-write_powered_verilog.log)...
[INFO]: Running LVS (log: ../home/prherrma/runners/r2/_work/tapeout-ci-2311/tapeout-ci-2311/openlane/user_project_wrapper/runs/23_11_01_14_28/logs/signoff/40-lvs.lef.log)...
[INFO]: Running Magic DRC (log: ../home/prherrma/runners/r2/_work/tapeout-ci-2311/tapeout-ci-2311/openlane/user_project_wrapper/runs/23_11_01_14_28/logs/signoff/41-drc.log)...
[INFO]: Converting Magic DRC database to various tool-readable formats...
[INFO]: No DRC violations after GDS streaming out.
[INFO]: Running OpenROAD Antenna Rule Checker (log: ../home/prherrma/runners/r2/_work/tapeout-ci-2311/tapeout-ci-2311/openlane/user_project_wrapper/runs/23_11_01_14_28/logs/signoff/42-arc.log)...
[INFO]: Saving current set of views in '../home/prherrma/runners/r2/_work/tapeout-ci-2311/tapeout-ci-2311/openlane/user_project_wrapper/runs/23_11_01_14_28/results/final'...
[INFO]: Saving current set of views in '../home/prherrma/runners/r2/_work/tapeout-ci-2311/tapeout-ci-2311'...
[INFO]: Saving runtime environment...
[INFO]: Generating final set of reports...
[INFO]: Created manufacturability report at '../home/prherrma/runners/r2/_work/tapeout-ci-2311/tapeout-ci-2311/openlane/user_project_wrapper/runs/23_11_01_14_28/reports/manufacturability.rpt'.
[INFO]: Created metrics report at '../home/prherrma/runners/r2/_work/tapeout-ci-2311/tapeout-ci-2311/openlane/user_project_wrapper/runs/23_11_01_14_28/reports/metrics.csv'.
[WARNING]: There are max slew violations in the design at the Typical corner. Please refer to '../home/prherrma/runners/r2/_work/tapeout-ci-2311/tapeout-ci-2311/openlane/user_project_wrapper/runs/23_11_01_14_28/reports/signoff/33-sta-rcx_nom/multi_corner_sta.checks.rpt'.
[WARNING]: There are max fanout violations in the design at the Typical corner. Please refer to '../home/prherrma/runners/r2/_work/tapeout-ci-2311/tapeout-ci-2311/openlane/user_project_wrapper/runs/23_11_01_14_28/reports/signoff/33-sta-rcx_nom/multi_corner_sta.checks.rpt'.
[WARNING]: There are max capacitance violations in the design at the Typical corner. Please refer to '../home/prherrma/runners/r2/_work/tapeout-ci-2311/tapeout-ci-2311/openlane/user_project_wrapper/runs/23_11_01_14_28/reports/signoff/33-sta-rcx_nom/multi_corner_sta.checks.rpt'.
[INFO]: There are no hold violations in the design at the Typical corner.
[INFO]: There are no setup violations in the design at the Typical corner.
[SUCCESS]: Flow complete.
[INFO]: Note that the following warnings have been generated:
